{"C:\\Users\\User\\Desktop\\study\\comp3130\\javascriptProject\\App.js": {"path":"C:\\Users\\User\\Desktop\\study\\comp3130\\javascriptProject\\App.js","statementMap":{"0":{"start":{"line":17,"column":18},"end":{"line":17,"column":41}},"1":{"start":{"line":20,"column":19},"end":{"line":20,"column":41}},"2":{"start":{"line":22,"column":26},"end":{"line":26,"column":3}},"3":{"start":{"line":23,"column":4},"end":{"line":23,"column":54}},"4":{"start":{"line":25,"column":6},"end":{"line":25,"column":82}},"5":{"start":{"line":27,"column":31},"end":{"line":27,"column":77}},"6":{"start":{"line":30,"column":2},"end":{"line":46,"column":4}}},"fnMap":{"0":{"name":"App","decl":{"start":{"line":19,"column":24},"end":{"line":19,"column":27}},"loc":{"start":{"line":19,"column":30},"end":{"line":47,"column":1}},"line":19},"1":{"name":"(anonymous_1)","decl":{"start":{"line":22,"column":26},"end":{"line":22,"column":27}},"loc":{"start":{"line":22,"column":54},"end":{"line":26,"column":3}},"line":22}},"branchMap":{},"s":{"0":1,"1":1,"2":1,"3":0,"4":0,"5":1,"6":1},"f":{"0":1,"1":0},"b":{},"_coverageSchema":"1a1c01bbd47fc00a2c39e90264f33305004495a9","hash":"33e4305bda00cf3968773829a31467284bc81514"}
,"C:\\Users\\User\\Desktop\\study\\comp3130\\javascriptProject\\app\\components\\AppButton.js": {"path":"C:\\Users\\User\\Desktop\\study\\comp3130\\javascriptProject\\app\\components\\AppButton.js","statementMap":{"0":{"start":{"line":8,"column":4},"end":{"line":14,"column":6}},"1":{"start":{"line":16,"column":15},"end":{"line":30,"column":2}}},"fnMap":{"0":{"name":"AppButton","decl":{"start":{"line":7,"column":9},"end":{"line":7,"column":18}},"loc":{"start":{"line":7,"column":37},"end":{"line":15,"column":1}},"line":7}},"branchMap":{},"s":{"0":2,"1":1},"f":{"0":2},"b":{},"_coverageSchema":"1a1c01bbd47fc00a2c39e90264f33305004495a9","hash":"312de6b8dee2dc92a9cef8e131511fc39be43b79"}
,"C:\\Users\\User\\Desktop\\study\\comp3130\\javascriptProject\\app\\components\\AppCard.js": {"path":"C:\\Users\\User\\Desktop\\study\\comp3130\\javascriptProject\\app\\components\\AppCard.js","statementMap":{"0":{"start":{"line":10,"column":4},"end":{"line":20,"column":6}},"1":{"start":{"line":22,"column":15},"end":{"line":46,"column":2}}},"fnMap":{"0":{"name":"AppCard","decl":{"start":{"line":9,"column":9},"end":{"line":9,"column":16}},"loc":{"start":{"line":9,"column":43},"end":{"line":21,"column":1}},"line":9}},"branchMap":{},"s":{"0":0,"1":1},"f":{"0":0},"b":{},"_coverageSchema":"1a1c01bbd47fc00a2c39e90264f33305004495a9","hash":"9280c9a0719e1d5aadab93f72f559b3de722d811"}
,"C:\\Users\\User\\Desktop\\study\\comp3130\\javascriptProject\\app\\components\\AppIcon.js": {"path":"C:\\Users\\User\\Desktop\\study\\comp3130\\javascriptProject\\app\\components\\AppIcon.js","statementMap":{"0":{"start":{"line":6,"column":4},"end":{"line":10,"column":6}},"1":{"start":{"line":12,"column":15},"end":{"line":14,"column":2}}},"fnMap":{"0":{"name":"AppIcon","decl":{"start":{"line":5,"column":9},"end":{"line":5,"column":16}},"loc":{"start":{"line":5,"column":70},"end":{"line":11,"column":1}},"line":5}},"branchMap":{"0":{"loc":{"start":{"line":5,"column":24},"end":{"line":5,"column":31}},"type":"default-arg","locations":[{"start":{"line":5,"column":29},"end":{"line":5,"column":31}}],"line":5},"1":{"loc":{"start":{"line":5,"column":33},"end":{"line":5,"column":50}},"type":"default-arg","locations":[{"start":{"line":5,"column":43},"end":{"line":5,"column":50}}],"line":5}},"s":{"0":0,"1":1},"f":{"0":0},"b":{"0":[0],"1":[0]},"_coverageSchema":"1a1c01bbd47fc00a2c39e90264f33305004495a9","hash":"034d13b92fd43f05d786fdb3e10b54758b3e01c8"}
,"C:\\Users\\User\\Desktop\\study\\comp3130\\javascriptProject\\app\\components\\AppListItem.js": {"path":"C:\\Users\\User\\Desktop\\study\\comp3130\\javascriptProject\\app\\components\\AppListItem.js","statementMap":{"0":{"start":{"line":5,"column":4},"end":{"line":15,"column":6}},"1":{"start":{"line":17,"column":15},"end":{"line":22,"column":2}}},"fnMap":{"0":{"name":"AppListItem","decl":{"start":{"line":4,"column":9},"end":{"line":4,"column":20}},"loc":{"start":{"line":4,"column":47},"end":{"line":16,"column":1}},"line":4}},"branchMap":{},"s":{"0":0,"1":1},"f":{"0":0},"b":{},"_coverageSchema":"1a1c01bbd47fc00a2c39e90264f33305004495a9","hash":"db864808b55d6253ac5912cf3d554b0bb833e35d"}
,"C:\\Users\\User\\Desktop\\study\\comp3130\\javascriptProject\\app\\components\\AppPicker.js": {"path":"C:\\Users\\User\\Desktop\\study\\comp3130\\javascriptProject\\app\\components\\AppPicker.js","statementMap":{"0":{"start":{"line":11,"column":44},"end":{"line":11,"column":59}},"1":{"start":{"line":12,"column":4},"end":{"line":37,"column":6}},"2":{"start":{"line":14,"column":53},"end":{"line":14,"column":74}},"3":{"start":{"line":23,"column":57},"end":{"line":23,"column":79}},"4":{"start":{"line":26,"column":42},"end":{"line":26,"column":63}},"5":{"start":{"line":27,"column":46},"end":{"line":31,"column":22}},"6":{"start":{"line":28,"column":35},"end":{"line":28,"column":58}},"7":{"start":{"line":40,"column":15},"end":{"line":52,"column":2}}},"fnMap":{"0":{"name":"AppPicker","decl":{"start":{"line":10,"column":9},"end":{"line":10,"column":18}},"loc":{"start":{"line":10,"column":46},"end":{"line":38,"column":1}},"line":10},"1":{"name":"(anonymous_1)","decl":{"start":{"line":14,"column":47},"end":{"line":14,"column":48}},"loc":{"start":{"line":14,"column":53},"end":{"line":14,"column":74}},"line":14},"2":{"name":"(anonymous_2)","decl":{"start":{"line":23,"column":51},"end":{"line":23,"column":52}},"loc":{"start":{"line":23,"column":57},"end":{"line":23,"column":79}},"line":23},"3":{"name":"(anonymous_3)","decl":{"start":{"line":26,"column":34},"end":{"line":26,"column":35}},"loc":{"start":{"line":26,"column":42},"end":{"line":26,"column":63}},"line":26},"4":{"name":"(anonymous_4)","decl":{"start":{"line":27,"column":34},"end":{"line":27,"column":35}},"loc":{"start":{"line":27,"column":46},"end":{"line":31,"column":22}},"line":27},"5":{"name":"(anonymous_5)","decl":{"start":{"line":28,"column":29},"end":{"line":28,"column":30}},"loc":{"start":{"line":28,"column":35},"end":{"line":28,"column":58}},"line":28}},"branchMap":{"0":{"loc":{"start":{"line":16,"column":21},"end":{"line":16,"column":76}},"type":"binary-expr","locations":[{"start":{"line":16,"column":21},"end":{"line":16,"column":25}},{"start":{"line":16,"column":29},"end":{"line":16,"column":76}}],"line":16},"1":{"loc":{"start":{"line":18,"column":21},"end":{"line":18,"column":84}},"type":"binary-expr","locations":[{"start":{"line":18,"column":21},"end":{"line":18,"column":25}},{"start":{"line":18,"column":29},"end":{"line":18,"column":84}}],"line":18}},"s":{"0":0,"1":0,"2":0,"3":0,"4":0,"5":0,"6":0,"7":1},"f":{"0":0,"1":0,"2":0,"3":0,"4":0,"5":0},"b":{"0":[0,0],"1":[0,0]},"_coverageSchema":"1a1c01bbd47fc00a2c39e90264f33305004495a9","hash":"2d5626fc9fa564b294763fa287c797bf3e206e19"}
,"C:\\Users\\User\\Desktop\\study\\comp3130\\javascriptProject\\app\\components\\AppPickerItem.js": {"path":"C:\\Users\\User\\Desktop\\study\\comp3130\\javascriptProject\\app\\components\\AppPickerItem.js","statementMap":{"0":{"start":{"line":7,"column":4},"end":{"line":14,"column":6}},"1":{"start":{"line":17,"column":15},"end":{"line":19,"column":2}}},"fnMap":{"0":{"name":"AppPickerItem","decl":{"start":{"line":6,"column":9},"end":{"line":6,"column":22}},"loc":{"start":{"line":6,"column":64},"end":{"line":15,"column":1}},"line":6}},"branchMap":{},"s":{"0":0,"1":1},"f":{"0":0},"b":{},"_coverageSchema":"1a1c01bbd47fc00a2c39e90264f33305004495a9","hash":"7b4190fa28f4b0cbda6158227e0f5b0003a0fca8"}
,"C:\\Users\\User\\Desktop\\study\\comp3130\\javascriptProject\\app\\components\\AppSelect.js": {"path":"C:\\Users\\User\\Desktop\\study\\comp3130\\javascriptProject\\app\\components\\AppSelect.js","statementMap":{"0":{"start":{"line":13,"column":4},"end":{"line":44,"column":6}},"1":{"start":{"line":15,"column":49},"end":{"line":15,"column":70}},"2":{"start":{"line":24,"column":57},"end":{"line":24,"column":79}},"3":{"start":{"line":28,"column":46},"end":{"line":28,"column":67}},"4":{"start":{"line":30,"column":24},"end":{"line":39,"column":30}},"5":{"start":{"line":32,"column":32},"end":{"line":32,"column":55}},"6":{"start":{"line":33,"column":32},"end":{"line":33,"column":51}},"7":{"start":{"line":47,"column":15},"end":{"line":61,"column":2}}},"fnMap":{"0":{"name":"AppSelect","decl":{"start":{"line":11,"column":9},"end":{"line":11,"column":18}},"loc":{"start":{"line":11,"column":86},"end":{"line":45,"column":1}},"line":11},"1":{"name":"(anonymous_1)","decl":{"start":{"line":15,"column":43},"end":{"line":15,"column":44}},"loc":{"start":{"line":15,"column":49},"end":{"line":15,"column":70}},"line":15},"2":{"name":"(anonymous_2)","decl":{"start":{"line":24,"column":51},"end":{"line":24,"column":52}},"loc":{"start":{"line":24,"column":57},"end":{"line":24,"column":79}},"line":24},"3":{"name":"(anonymous_3)","decl":{"start":{"line":28,"column":38},"end":{"line":28,"column":39}},"loc":{"start":{"line":28,"column":46},"end":{"line":28,"column":67}},"line":28},"4":{"name":"(anonymous_4)","decl":{"start":{"line":29,"column":38},"end":{"line":29,"column":39}},"loc":{"start":{"line":30,"column":24},"end":{"line":39,"column":30}},"line":30},"5":{"name":"(anonymous_5)","decl":{"start":{"line":31,"column":37},"end":{"line":31,"column":38}},"loc":{"start":{"line":31,"column":42},"end":{"line":34,"column":37}},"line":31}},"branchMap":{"0":{"loc":{"start":{"line":17,"column":21},"end":{"line":17,"column":76}},"type":"binary-expr","locations":[{"start":{"line":17,"column":21},"end":{"line":17,"column":25}},{"start":{"line":17,"column":29},"end":{"line":17,"column":76}}],"line":17},"1":{"loc":{"start":{"line":18,"column":51},"end":{"line":18,"column":97}},"type":"cond-expr","locations":[{"start":{"line":18,"column":65},"end":{"line":18,"column":83}},{"start":{"line":18,"column":86},"end":{"line":18,"column":97}}],"line":18}},"s":{"0":0,"1":0,"2":0,"3":0,"4":0,"5":0,"6":0,"7":1},"f":{"0":0,"1":0,"2":0,"3":0,"4":0,"5":0},"b":{"0":[0,0],"1":[0,0]},"_coverageSchema":"1a1c01bbd47fc00a2c39e90264f33305004495a9","hash":"a132a5bd468203321fde260400160b2800ee1922"}
,"C:\\Users\\User\\Desktop\\study\\comp3130\\javascriptProject\\app\\components\\AppSelectItem.js": {"path":"C:\\Users\\User\\Desktop\\study\\comp3130\\javascriptProject\\app\\components\\AppSelectItem.js","statementMap":{"0":{"start":{"line":10,"column":4},"end":{"line":15,"column":6}},"1":{"start":{"line":17,"column":15},"end":{"line":24,"column":2}}},"fnMap":{"0":{"name":"AppSelectItem","decl":{"start":{"line":9,"column":9},"end":{"line":9,"column":22}},"loc":{"start":{"line":9,"column":64},"end":{"line":16,"column":1}},"line":9}},"branchMap":{},"s":{"0":0,"1":1},"f":{"0":0},"b":{},"_coverageSchema":"1a1c01bbd47fc00a2c39e90264f33305004495a9","hash":"e3871c7c9051dccce717b59ff64dacdc4310f2e7"}
,"C:\\Users\\User\\Desktop\\study\\comp3130\\javascriptProject\\app\\components\\AppSwitch.js": {"path":"C:\\Users\\User\\Desktop\\study\\comp3130\\javascriptProject\\app\\components\\AppSwitch.js","statementMap":{"0":{"start":{"line":5,"column":38},"end":{"line":5,"column":48}},"1":{"start":{"line":6,"column":4},"end":{"line":14,"column":6}},"2":{"start":{"line":9,"column":22},"end":{"line":9,"column":41}}},"fnMap":{"0":{"name":"AppSwitch","decl":{"start":{"line":4,"column":9},"end":{"line":4,"column":18}},"loc":{"start":{"line":4,"column":26},"end":{"line":15,"column":1}},"line":4},"1":{"name":"(anonymous_1)","decl":{"start":{"line":9,"column":13},"end":{"line":9,"column":14}},"loc":{"start":{"line":9,"column":22},"end":{"line":9,"column":41}},"line":9}},"branchMap":{},"s":{"0":0,"1":0,"2":0},"f":{"0":0,"1":0},"b":{},"_coverageSchema":"1a1c01bbd47fc00a2c39e90264f33305004495a9","hash":"e8b4d0963f3b96484d4ea5df898082fb4c180a69"}
,"C:\\Users\\User\\Desktop\\study\\comp3130\\javascriptProject\\app\\components\\AppText.js": {"path":"C:\\Users\\User\\Desktop\\study\\comp3130\\javascriptProject\\app\\components\\AppText.js","statementMap":{"0":{"start":{"line":6,"column":4},"end":{"line":8,"column":6}},"1":{"start":{"line":11,"column":15},"end":{"line":16,"column":2}}},"fnMap":{"0":{"name":"AppText","decl":{"start":{"line":5,"column":9},"end":{"line":5,"column":16}},"loc":{"start":{"line":5,"column":36},"end":{"line":9,"column":1}},"line":5}},"branchMap":{"0":{"loc":{"start":{"line":14,"column":20},"end":{"line":14,"column":67}},"type":"cond-expr","locations":[{"start":{"line":14,"column":48},"end":{"line":14,"column":56}},{"start":{"line":14,"column":59},"end":{"line":14,"column":67}}],"line":14}},"s":{"0":1,"1":1},"f":{"0":1},"b":{"0":[0,1]},"_coverageSchema":"1a1c01bbd47fc00a2c39e90264f33305004495a9","hash":"f24ab5a27280a826c4e3e9932e953dd428d0355a"}
,"C:\\Users\\User\\Desktop\\study\\comp3130\\javascriptProject\\app\\components\\AppTextInput.js": {"path":"C:\\Users\\User\\Desktop\\study\\comp3130\\javascriptProject\\app\\components\\AppTextInput.js","statementMap":{"0":{"start":{"line":6,"column":4},"end":{"line":11,"column":6}},"1":{"start":{"line":14,"column":15},"end":{"line":31,"column":2}}},"fnMap":{"0":{"name":"AppTextInput","decl":{"start":{"line":5,"column":9},"end":{"line":5,"column":21}},"loc":{"start":{"line":5,"column":45},"end":{"line":12,"column":1}},"line":5}},"branchMap":{"0":{"loc":{"start":{"line":8,"column":13},"end":{"line":8,"column":68}},"type":"binary-expr","locations":[{"start":{"line":8,"column":13},"end":{"line":8,"column":17}},{"start":{"line":8,"column":21},"end":{"line":8,"column":68}}],"line":8},"1":{"loc":{"start":{"line":26,"column":20},"end":{"line":26,"column":67}},"type":"cond-expr","locations":[{"start":{"line":26,"column":48},"end":{"line":26,"column":56}},{"start":{"line":26,"column":59},"end":{"line":26,"column":67}}],"line":26}},"s":{"0":0,"1":1},"f":{"0":0},"b":{"0":[0,0],"1":[0,1]},"_coverageSchema":"1a1c01bbd47fc00a2c39e90264f33305004495a9","hash":"74710881f5706023884a76731f019b69c60151c1"}
,"C:\\Users\\User\\Desktop\\study\\comp3130\\javascriptProject\\app\\config\\AppColours.js": {"path":"C:\\Users\\User\\Desktop\\study\\comp3130\\javascriptProject\\app\\config\\AppColours.js","statementMap":{},"fnMap":{},"branchMap":{},"s":{},"f":{},"b":{},"_coverageSchema":"1a1c01bbd47fc00a2c39e90264f33305004495a9","hash":"a23abbe35b7e6e7fc5dabdec4500a8d5f8b8e31e"}
,"C:\\Users\\User\\Desktop\\study\\comp3130\\javascriptProject\\app\\context\\userContext.js": {"path":"C:\\Users\\User\\Desktop\\study\\comp3130\\javascriptProject\\app\\context\\userContext.js","statementMap":{"0":{"start":{"line":4,"column":18},"end":{"line":4,"column":41}},"1":{"start":{"line":5,"column":11},"end":{"line":5,"column":43}}},"fnMap":{},"branchMap":{},"s":{"0":1,"1":1},"f":{},"b":{},"_coverageSchema":"1a1c01bbd47fc00a2c39e90264f33305004495a9","hash":"11b91bdd2fcb2d0ceeac517a5e7f5e72cdf20209"}
,"C:\\Users\\User\\Desktop\\study\\comp3130\\javascriptProject\\app\\navigation\\AuthNavigator.js": {"path":"C:\\Users\\User\\Desktop\\study\\comp3130\\javascriptProject\\app\\navigation\\AuthNavigator.js","statementMap":{"0":{"start":{"line":10,"column":17},"end":{"line":10,"column":39}},"1":{"start":{"line":12,"column":22},"end":{"line":20,"column":1}},"2":{"start":{"line":13,"column":4},"end":{"line":19,"column":25}}},"fnMap":{"0":{"name":"(anonymous_0)","decl":{"start":{"line":12,"column":22},"end":{"line":12,"column":23}},"loc":{"start":{"line":12,"column":28},"end":{"line":20,"column":1}},"line":12}},"branchMap":{},"s":{"0":1,"1":1,"2":0},"f":{"0":0},"b":{},"_coverageSchema":"1a1c01bbd47fc00a2c39e90264f33305004495a9","hash":"8bb1db8ed15539b8f7d2b5463dbf4c018ca30faa"}
,"C:\\Users\\User\\Desktop\\study\\comp3130\\javascriptProject\\app\\screens\\AccountScreen.js": {"path":"C:\\Users\\User\\Desktop\\study\\comp3130\\javascriptProject\\app\\screens\\AccountScreen.js","statementMap":{"0":{"start":{"line":14,"column":21},"end":{"line":14,"column":37}},"1":{"start":{"line":15,"column":20},"end":{"line":20,"column":3}},"2":{"start":{"line":22,"column":2},"end":{"line":63,"column":4}},"3":{"start":{"line":66,"column":15},"end":{"line":94,"column":2}}},"fnMap":{"0":{"name":"AccountScreen","decl":{"start":{"line":13,"column":9},"end":{"line":13,"column":22}},"loc":{"start":{"line":13,"column":30},"end":{"line":64,"column":1}},"line":13}},"branchMap":{},"s":{"0":0,"1":0,"2":0,"3":1},"f":{"0":0},"b":{},"_coverageSchema":"1a1c01bbd47fc00a2c39e90264f33305004495a9","hash":"56651b0e0718d04b84c3b94067f3c7d4e6d652a0"}
,"C:\\Users\\User\\Desktop\\study\\comp3130\\javascriptProject\\app\\screens\\HomeScreen.js": {"path":"C:\\Users\\User\\Desktop\\study\\comp3130\\javascriptProject\\app\\screens\\HomeScreen.js","statementMap":{"0":{"start":{"line":10,"column":12},"end":{"line":10,"column":38}},"1":{"start":{"line":13,"column":4},"end":{"line":51,"column":5}},"2":{"start":{"line":54,"column":15},"end":{"line":56,"column":2}}},"fnMap":{"0":{"name":"HomeScreen","decl":{"start":{"line":11,"column":9},"end":{"line":11,"column":19}},"loc":{"start":{"line":11,"column":27},"end":{"line":51,"column":6}},"line":11}},"branchMap":{},"s":{"0":1,"1":0,"2":1},"f":{"0":0},"b":{},"_coverageSchema":"1a1c01bbd47fc00a2c39e90264f33305004495a9","hash":"5d25bdd724c0b3bbc84ff95c8891004cbdf9d9f0"}
,"C:\\Users\\User\\Desktop\\study\\comp3130\\javascriptProject\\app\\screens\\LoginScreen.js": {"path":"C:\\Users\\User\\Desktop\\study\\comp3130\\javascriptProject\\app\\screens\\LoginScreen.js","statementMap":{"0":{"start":{"line":15,"column":15},"end":{"line":20,"column":1}},"1":{"start":{"line":25,"column":23},"end":{"line":25,"column":39}},"2":{"start":{"line":27,"column":22},"end":{"line":27,"column":60}},"3":{"start":{"line":28,"column":19},"end":{"line":28,"column":42}},"4":{"start":{"line":29,"column":4},"end":{"line":32,"column":5}},"5":{"start":{"line":30,"column":8},"end":{"line":30,"column":68}},"6":{"start":{"line":31,"column":8},"end":{"line":31,"column":35}},"7":{"start":{"line":33,"column":4},"end":{"line":33,"column":54}},"8":{"start":{"line":35,"column":4},"end":{"line":35,"column":47}},"9":{"start":{"line":38,"column":0},"end":{"line":92,"column":6}},"10":{"start":{"line":49,"column":39},"end":{"line":49,"column":58}},"11":{"start":{"line":50,"column":16},"end":{"line":50,"column":67}},"12":{"start":{"line":56,"column":16},"end":{"line":88,"column":15}},"13":{"start":{"line":65,"column":32},"end":{"line":65,"column":56}},"14":{"start":{"line":79,"column":32},"end":{"line":79,"column":59}},"15":{"start":{"line":95,"column":15},"end":{"line":109,"column":2}}},"fnMap":{"0":{"name":"LoginScreen","decl":{"start":{"line":24,"column":9},"end":{"line":24,"column":20}},"loc":{"start":{"line":24,"column":35},"end":{"line":93,"column":1}},"line":24},"1":{"name":"login","decl":{"start":{"line":26,"column":19},"end":{"line":26,"column":24}},"loc":{"start":{"line":26,"column":54},"end":{"line":37,"column":1}},"line":26},"2":{"name":"(anonymous_2)","decl":{"start":{"line":49,"column":28},"end":{"line":49,"column":29}},"loc":{"start":{"line":49,"column":38},"end":{"line":51,"column":17}},"line":49},"3":{"name":"(anonymous_3)","decl":{"start":{"line":55,"column":13},"end":{"line":55,"column":14}},"loc":{"start":{"line":56,"column":16},"end":{"line":88,"column":15}},"line":56},"4":{"name":"(anonymous_4)","decl":{"start":{"line":65,"column":26},"end":{"line":65,"column":27}},"loc":{"start":{"line":65,"column":32},"end":{"line":65,"column":56}},"line":65},"5":{"name":"(anonymous_5)","decl":{"start":{"line":79,"column":26},"end":{"line":79,"column":27}},"loc":{"start":{"line":79,"column":32},"end":{"line":79,"column":59}},"line":79}},"branchMap":{"0":{"loc":{"start":{"line":29,"column":4},"end":{"line":32,"column":5}},"type":"if","locations":[{"start":{"line":29,"column":4},"end":{"line":32,"column":5}},{"start":{"line":29,"column":4},"end":{"line":32,"column":5}}],"line":29},"1":{"loc":{"start":{"line":29,"column":8},"end":{"line":29,"column":64}},"type":"binary-expr","locations":[{"start":{"line":29,"column":8},"end":{"line":29,"column":31}},{"start":{"line":29,"column":35},"end":{"line":29,"column":64}}],"line":29},"2":{"loc":{"start":{"line":68,"column":17},"end":{"line":71,"column":26}},"type":"binary-expr","locations":[{"start":{"line":68,"column":17},"end":{"line":68,"column":30}},{"start":{"line":69,"column":16},"end":{"line":71,"column":26}}],"line":68},"3":{"loc":{"start":{"line":82,"column":17},"end":{"line":85,"column":26}},"type":"binary-expr","locations":[{"start":{"line":82,"column":17},"end":{"line":82,"column":33}},{"start":{"line":83,"column":16},"end":{"line":85,"column":26}}],"line":82}},"s":{"0":1,"1":0,"2":0,"3":0,"4":0,"5":0,"6":0,"7":0,"8":0,"9":0,"10":0,"11":0,"12":0,"13":0,"14":0,"15":1},"f":{"0":0,"1":0,"2":0,"3":0,"4":0,"5":0},"b":{"0":[0,0],"1":[0,0],"2":[0,0],"3":[0,0]},"_coverageSchema":"1a1c01bbd47fc00a2c39e90264f33305004495a9","hash":"80354bce021a1b4be95873d71fdeefcdd33ba5c7"}
,"C:\\Users\\User\\Desktop\\study\\comp3130\\javascriptProject\\app\\screens\\RegisterScreen.js": {"path":"C:\\Users\\User\\Desktop\\study\\comp3130\\javascriptProject\\app\\screens\\RegisterScreen.js","statementMap":{"0":{"start":{"line":14,"column":19},"end":{"line":18,"column":5}},"1":{"start":{"line":19,"column":4},"end":{"line":19,"column":68}},"2":{"start":{"line":20,"column":4},"end":{"line":20,"column":32}},"3":{"start":{"line":25,"column":36},"end":{"line":25,"column":46}},"4":{"start":{"line":26,"column":30},"end":{"line":26,"column":40}},"5":{"start":{"line":27,"column":36},"end":{"line":27,"column":46}},"6":{"start":{"line":29,"column":4},"end":{"line":67,"column":6}},"7":{"start":{"line":44,"column":58},"end":{"line":44,"column":84}},"8":{"start":{"line":53,"column":59},"end":{"line":53,"column":83}},"9":{"start":{"line":62,"column":61},"end":{"line":62,"column":91}},"10":{"start":{"line":65,"column":60},"end":{"line":65,"column":108}},"11":{"start":{"line":70,"column":15},"end":{"line":85,"column":2}}},"fnMap":{"0":{"name":"register","decl":{"start":{"line":13,"column":15},"end":{"line":13,"column":23}},"loc":{"start":{"line":13,"column":63},"end":{"line":21,"column":1}},"line":13},"1":{"name":"RegisterScreen","decl":{"start":{"line":24,"column":9},"end":{"line":24,"column":23}},"loc":{"start":{"line":24,"column":38},"end":{"line":68,"column":1}},"line":24},"2":{"name":"(anonymous_2)","decl":{"start":{"line":44,"column":41},"end":{"line":44,"column":42}},"loc":{"start":{"line":44,"column":58},"end":{"line":44,"column":84}},"line":44},"3":{"name":"(anonymous_3)","decl":{"start":{"line":53,"column":41},"end":{"line":53,"column":42}},"loc":{"start":{"line":53,"column":59},"end":{"line":53,"column":83}},"line":53},"4":{"name":"(anonymous_4)","decl":{"start":{"line":62,"column":40},"end":{"line":62,"column":41}},"loc":{"start":{"line":62,"column":61},"end":{"line":62,"column":91}},"line":62},"5":{"name":"(anonymous_5)","decl":{"start":{"line":65,"column":53},"end":{"line":65,"column":54}},"loc":{"start":{"line":65,"column":59},"end":{"line":65,"column":109}},"line":65}},"branchMap":{},"s":{"0":0,"1":0,"2":0,"3":0,"4":0,"5":0,"6":0,"7":0,"8":0,"9":0,"10":0,"11":1},"f":{"0":0,"1":0,"2":0,"3":0,"4":0,"5":0},"b":{},"_coverageSchema":"1a1c01bbd47fc00a2c39e90264f33305004495a9","hash":"a939ceffdc7f2e22b4b95296fc7bd16b43ab3b66"}
,"C:\\Users\\User\\Desktop\\study\\comp3130\\javascriptProject\\app\\screens\\ResortScreen.js": {"path":"C:\\Users\\User\\Desktop\\study\\comp3130\\javascriptProject\\app\\screens\\ResortScreen.js","statementMap":{"0":{"start":{"line":11,"column":4},"end":{"line":32,"column":6}},"1":{"start":{"line":34,"column":15},"end":{"line":52,"column":2}}},"fnMap":{"0":{"name":"ResortScreen","decl":{"start":{"line":10,"column":9},"end":{"line":10,"column":21}},"loc":{"start":{"line":10,"column":29},"end":{"line":33,"column":1}},"line":10}},"branchMap":{},"s":{"0":0,"1":1},"f":{"0":0},"b":{},"_coverageSchema":"1a1c01bbd47fc00a2c39e90264f33305004495a9","hash":"dd5bd55c710303eba259ef2505002253a4dffef6"}
,"C:\\Users\\User\\Desktop\\study\\comp3130\\javascriptProject\\app\\screens\\TravelScreen.js": {"path":"C:\\Users\\User\\Desktop\\study\\comp3130\\javascriptProject\\app\\screens\\TravelScreen.js","statementMap":{"0":{"start":{"line":11,"column":4},"end":{"line":32,"column":6}},"1":{"start":{"line":34,"column":15},"end":{"line":52,"column":2}}},"fnMap":{"0":{"name":"TravelScreen","decl":{"start":{"line":10,"column":9},"end":{"line":10,"column":21}},"loc":{"start":{"line":10,"column":29},"end":{"line":33,"column":1}},"line":10}},"branchMap":{},"s":{"0":0,"1":1},"f":{"0":0},"b":{},"_coverageSchema":"1a1c01bbd47fc00a2c39e90264f33305004495a9","hash":"2fcce48d9628c8fb1dd17c17c140c0a72eb09b99"}
,"C:\\Users\\User\\Desktop\\study\\comp3130\\javascriptProject\\app\\screens\\WelcomeScreen.js": {"path":"C:\\Users\\User\\Desktop\\study\\comp3130\\javascriptProject\\app\\screens\\WelcomeScreen.js","statementMap":{"0":{"start":{"line":13,"column":4},"end":{"line":32,"column":6}},"1":{"start":{"line":27,"column":65},"end":{"line":27,"column":93}},"2":{"start":{"line":28,"column":67},"end":{"line":28,"column":98}},"3":{"start":{"line":35,"column":15},"end":{"line":55,"column":2}}},"fnMap":{"0":{"name":"WelcomeScreen","decl":{"start":{"line":12,"column":9},"end":{"line":12,"column":22}},"loc":{"start":{"line":12,"column":37},"end":{"line":33,"column":1}},"line":12},"1":{"name":"(anonymous_1)","decl":{"start":{"line":27,"column":59},"end":{"line":27,"column":60}},"loc":{"start":{"line":27,"column":65},"end":{"line":27,"column":93}},"line":27},"2":{"name":"(anonymous_2)","decl":{"start":{"line":28,"column":61},"end":{"line":28,"column":62}},"loc":{"start":{"line":28,"column":67},"end":{"line":28,"column":98}},"line":28}},"branchMap":{},"s":{"0":1,"1":0,"2":0,"3":1},"f":{"0":1,"1":0,"2":0},"b":{},"_coverageSchema":"1a1c01bbd47fc00a2c39e90264f33305004495a9","hash":"62d596e7604d13cc1a400b227326cdf0e536e581"}
}
