TN:
SF:App.js
FN:19,App
FN:22,(anonymous_1)
FNF:2
FNH:1
FNDA:1,App
FNDA:0,(anonymous_1)
DA:17,1
DA:20,1
DA:22,1
DA:23,0
DA:25,0
DA:27,1
DA:30,1
LF:7
LH:5
BRF:0
BRH:0
end_of_record
TN:
SF:app\components\AppButton.js
FN:7,AppButton
FNF:1
FNH:1
FNDA:2,AppButton
DA:8,2
DA:16,1
LF:2
LH:2
BRF:0
BRH:0
end_of_record
TN:
SF:app\components\AppCard.js
FN:9,AppCard
FNF:1
FNH:0
FNDA:0,AppCard
DA:10,0
DA:22,1
LF:2
LH:1
BRF:0
BRH:0
end_of_record
TN:
SF:app\components\AppIcon.js
FN:5,AppIcon
FNF:1
FNH:0
FNDA:0,AppIcon
DA:6,0
DA:12,1
LF:2
LH:1
BRDA:5,0,0,0
BRDA:5,1,0,0
BRF:2
BRH:0
end_of_record
TN:
SF:app\components\AppListItem.js
FN:4,AppListItem
FNF:1
FNH:0
FNDA:0,AppListItem
DA:5,0
DA:17,1
LF:2
LH:1
BRF:0
BRH:0
end_of_record
TN:
SF:app\components\AppPicker.js
FN:10,AppPicker
FN:14,(anonymous_1)
FN:23,(anonymous_2)
FN:26,(anonymous_3)
FN:27,(anonymous_4)
FN:28,(anonymous_5)
FNF:6
FNH:0
FNDA:0,AppPicker
FNDA:0,(anonymous_1)
FNDA:0,(anonymous_2)
FNDA:0,(anonymous_3)
FNDA:0,(anonymous_4)
FNDA:0,(anonymous_5)
DA:11,0
DA:12,0
DA:14,0
DA:23,0
DA:26,0
DA:27,0
DA:28,0
DA:40,1
LF:8
LH:1
BRDA:16,0,0,0
BRDA:16,0,1,0
BRDA:18,1,0,0
BRDA:18,1,1,0
BRF:4
BRH:0
end_of_record
TN:
SF:app\components\AppPickerItem.js
FN:6,AppPickerItem
FNF:1
FNH:0
FNDA:0,AppPickerItem
DA:7,0
DA:17,1
LF:2
LH:1
BRF:0
BRH:0
end_of_record
TN:
SF:app\components\AppSelect.js
FN:11,AppSelect
FN:15,(anonymous_1)
FN:24,(anonymous_2)
FN:28,(anonymous_3)
FN:29,(anonymous_4)
FN:31,(anonymous_5)
FNF:6
FNH:0
FNDA:0,AppSelect
FNDA:0,(anonymous_1)
FNDA:0,(anonymous_2)
FNDA:0,(anonymous_3)
FNDA:0,(anonymous_4)
FNDA:0,(anonymous_5)
DA:13,0
DA:15,0
DA:24,0
DA:28,0
DA:30,0
DA:32,0
DA:33,0
DA:47,1
LF:8
LH:1
BRDA:17,0,0,0
BRDA:17,0,1,0
BRDA:18,1,0,0
BRDA:18,1,1,0
BRF:4
BRH:0
end_of_record
TN:
SF:app\components\AppSelectItem.js
FN:9,AppSelectItem
FNF:1
FNH:0
FNDA:0,AppSelectItem
DA:10,0
DA:17,1
LF:2
LH:1
BRF:0
BRH:0
end_of_record
TN:
SF:app\components\AppSwitch.js
FN:4,AppSwitch
FN:9,(anonymous_1)
FNF:2
FNH:0
FNDA:0,AppSwitch
FNDA:0,(anonymous_1)
DA:5,0
DA:6,0
DA:9,0
LF:3
LH:0
BRF:0
BRH:0
end_of_record
TN:
SF:app\components\AppText.js
FN:5,AppText
FNF:1
FNH:1
FNDA:1,AppText
DA:6,1
DA:11,1
LF:2
LH:2
BRDA:14,0,0,0
BRDA:14,0,1,1
BRF:2
BRH:1
end_of_record
TN:
SF:app\components\AppTextInput.js
FN:5,AppTextInput
FNF:1
FNH:0
FNDA:0,AppTextInput
DA:6,0
DA:14,1
LF:2
LH:1
BRDA:8,0,0,0
BRDA:8,0,1,0
BRDA:26,1,0,0
BRDA:26,1,1,1
BRF:4
BRH:1
end_of_record
TN:
SF:app\config\AppColours.js
FNF:0
FNH:0
LF:0
LH:0
BRF:0
BRH:0
end_of_record
TN:
SF:app\context\userContext.js
FNF:0
FNH:0
DA:4,1
DA:5,1
LF:2
LH:2
BRF:0
BRH:0
end_of_record
TN:
SF:app\navigation\AuthNavigator.js
FN:12,(anonymous_0)
FNF:1
FNH:0
FNDA:0,(anonymous_0)
DA:10,1
DA:12,1
DA:13,0
LF:3
LH:2
BRF:0
BRH:0
end_of_record
TN:
SF:app\screens\AccountScreen.js
FN:13,AccountScreen
FNF:1
FNH:0
FNDA:0,AccountScreen
DA:14,0
DA:15,0
DA:22,0
DA:66,1
LF:4
LH:1
BRF:0
BRH:0
end_of_record
TN:
SF:app\screens\HomeScreen.js
FN:11,HomeScreen
FNF:1
FNH:0
FNDA:0,HomeScreen
DA:10,1
DA:13,0
DA:54,1
LF:3
LH:2
BRF:0
BRH:0
end_of_record
TN:
SF:app\screens\LoginScreen.js
FN:24,LoginScreen
FN:26,login
FN:49,(anonymous_2)
FN:55,(anonymous_3)
FN:65,(anonymous_4)
FN:79,(anonymous_5)
FNF:6
FNH:0
FNDA:0,LoginScreen
FNDA:0,login
FNDA:0,(anonymous_2)
FNDA:0,(anonymous_3)
FNDA:0,(anonymous_4)
FNDA:0,(anonymous_5)
DA:15,1
DA:25,0
DA:27,0
DA:28,0
DA:29,0
DA:30,0
DA:31,0
DA:33,0
DA:35,0
DA:38,0
DA:49,0
DA:50,0
DA:56,0
DA:65,0
DA:79,0
DA:95,1
LF:16
LH:2
BRDA:29,0,0,0
BRDA:29,0,1,0
BRDA:29,1,0,0
BRDA:29,1,1,0
BRDA:68,2,0,0
BRDA:68,2,1,0
BRDA:82,3,0,0
BRDA:82,3,1,0
BRF:8
BRH:0
end_of_record
TN:
SF:app\screens\RegisterScreen.js
FN:13,register
FN:24,RegisterScreen
FN:44,(anonymous_2)
FN:53,(anonymous_3)
FN:62,(anonymous_4)
FN:65,(anonymous_5)
FNF:6
FNH:0
FNDA:0,register
FNDA:0,RegisterScreen
FNDA:0,(anonymous_2)
FNDA:0,(anonymous_3)
FNDA:0,(anonymous_4)
FNDA:0,(anonymous_5)
DA:14,0
DA:19,0
DA:20,0
DA:25,0
DA:26,0
DA:27,0
DA:29,0
DA:44,0
DA:53,0
DA:62,0
DA:65,0
DA:70,1
LF:12
LH:1
BRF:0
BRH:0
end_of_record
TN:
SF:app\screens\ResortScreen.js
FN:10,ResortScreen
FNF:1
FNH:0
FNDA:0,ResortScreen
DA:11,0
DA:34,1
LF:2
LH:1
BRF:0
BRH:0
end_of_record
TN:
SF:app\screens\TravelScreen.js
FN:10,TravelScreen
FNF:1
FNH:0
FNDA:0,TravelScreen
DA:11,0
DA:34,1
LF:2
LH:1
BRF:0
BRH:0
end_of_record
TN:
SF:app\screens\WelcomeScreen.js
FN:12,WelcomeScreen
FN:27,(anonymous_1)
FN:28,(anonymous_2)
FNF:3
FNH:1
FNDA:1,WelcomeScreen
FNDA:0,(anonymous_1)
FNDA:0,(anonymous_2)
DA:13,1
DA:27,0
DA:28,0
DA:35,1
LF:4
LH:2
BRF:0
BRH:0
end_of_record
